c:\users\marti\documents\github\mage-level2\mage_engine\mage_engine\debug\mage_engine.pch
c:\users\marti\documents\github\mage-level2\mage_engine\mage_engine\debug\vc141.pdb
c:\users\marti\documents\github\mage-level2\mage_engine\mage_engine\debug\vc141.idb
c:\users\marti\documents\github\mage-level2\mage_engine\mage_engine\debug\pch.obj
c:\users\marti\documents\github\mage-level2\mage_engine\mage_engine\debug\mage_engine.pdb
c:\users\marti\documents\github\mage-level2\mage_engine\mage_engine\debug\mage_engine.idb
c:\users\marti\documents\github\mage-level2\mage_engine\mage_engine\debug\visualization.obj
c:\users\marti\documents\github\mage-level2\mage_engine\mage_engine\debug\spotlight.obj
c:\users\marti\documents\github\mage-level2\mage_engine\mage_engine\debug\pointlight.obj
c:\users\marti\documents\github\mage-level2\mage_engine\mage_engine\debug\meshgl.obj
c:\users\marti\documents\github\mage-level2\mage_engine\mage_engine\debug\camera.obj
c:\users\marti\documents\github\mage-level2\mage_engine\mage_engine\debug\imgui_widgets.obj
c:\users\marti\documents\github\mage-level2\mage_engine\mage_engine\debug\imgui_tables.obj
c:\users\marti\documents\github\mage-level2\mage_engine\mage_engine\debug\imgui_impl_opengl3.obj
c:\users\marti\documents\github\mage-level2\mage_engine\mage_engine\debug\imgui_impl_glfw.obj
c:\users\marti\documents\github\mage-level2\mage_engine\mage_engine\debug\imgui_draw.obj
c:\users\marti\documents\github\mage-level2\mage_engine\mage_engine\debug\imgui_demo.obj
c:\users\marti\documents\github\mage-level2\mage_engine\mage_engine\debug\imgui.obj
c:\users\marti\documents\github\mage-level2\mage_engine\mage_engine\debug\transform.obj
c:\users\marti\documents\github\mage-level2\mage_engine\mage_engine\debug\timemanager.obj
c:\users\marti\documents\github\mage-level2\mage_engine\mage_engine\debug\mesh.obj
c:\users\marti\documents\github\mage-level2\mage_engine\mage_engine\debug\level.obj
c:\users\marti\documents\github\mage-level2\mage_engine\mage_engine\debug\inputmanager.obj
c:\users\marti\documents\github\mage-level2\mage_engine\mage_engine\debug\entity.obj
c:\users\marti\documents\github\mage-level2\mage_engine\mage_engine\debug\component.obj
c:\users\marti\documents\github\mage-level2\mage_engine\mage_engine\debug\application.obj
c:\users\marti\documents\github\mage-level2\mage_engine\mage_engine\debug\spherecollider.obj
c:\users\marti\documents\github\mage-level2\mage_engine\mage_engine\debug\rigidbody.obj
c:\users\marti\documents\github\mage-level2\mage_engine\mage_engine\debug\planecollider.obj
c:\users\marti\documents\github\mage-level2\mage_engine\mage_engine\debug\physics.obj
c:\users\marti\documents\github\mage-level2\mage_engine\mage_engine\debug\boxcollider.obj
c:\users\marti\documents\github\mage-level2\mage_engine\mage_engine\debug\vector.obj
c:\users\marti\documents\github\mage-level2\mage_engine\mage_engine\debug\quaternion.obj
c:\users\marti\documents\github\mage-level2\mage_engine\mage_engine\debug\matrix.obj
c:\users\marti\documents\github\mage-level2\mage_engine\mage_engine\debug\glad.obj
c:\users\marti\documents\github\mage-level2\mage_engine\debug\mage_engine.lib
c:\users\marti\documents\github\mage-level2\mage_engine\debug\mage_engine.ilk
c:\users\marti\documents\github\mage-level2\mage_engine\debug\mage_engine.dll
c:\users\marti\documents\github\mage-level2\mage_engine\debug\mage_engine.pdb
c:\users\marti\documents\github\mage-level2\mage_engine\mage_engine\debug\mage_engine.tlog\cl.command.1.tlog
c:\users\marti\documents\github\mage-level2\mage_engine\mage_engine\debug\mage_engine.tlog\cl.read.1.tlog
c:\users\marti\documents\github\mage-level2\mage_engine\mage_engine\debug\mage_engine.tlog\cl.write.1.tlog
c:\users\marti\documents\github\mage-level2\mage_engine\mage_engine\debug\mage_engine.tlog\lib-link.read.1.tlog
c:\users\marti\documents\github\mage-level2\mage_engine\mage_engine\debug\mage_engine.tlog\lib-link.write.1.tlog
c:\users\marti\documents\github\mage-level2\mage_engine\mage_engine\debug\mage_engine.tlog\lib.command.1.tlog
c:\users\marti\documents\github\mage-level2\mage_engine\mage_engine\debug\mage_engine.tlog\link.command.1.tlog
c:\users\marti\documents\github\mage-level2\mage_engine\mage_engine\debug\mage_engine.tlog\link.read.1.tlog
c:\users\marti\documents\github\mage-level2\mage_engine\mage_engine\debug\mage_engine.tlog\link.write.1.tlog
